#
# There is insufficient memory for the Java Runtime Environment to continue.
# Native memory allocation (malloc) failed to allocate 1780336 bytes for Chunk::new
# Possible reasons:
#   The system is out of physical RAM or swap space
#   The process is running with CompressedOops enabled, and the Java Heap may be blocking the growth of the native heap
# Possible solutions:
#   Reduce memory load on the system
#   Increase physical memory or swap space
#   Check if swap backing store is full
#   Decrease Java heap size (-Xmx/-Xms)
#   Decrease number of Java threads
#   Decrease Java thread stack sizes (-Xss)
#   Set larger code cache with -XX:ReservedCodeCacheSize=
#   JVM is running with Zero Based Compressed Oops mode in which the Java heap is
#     placed in the first 32GB address space. The Java Heap base address is the
#     maximum limit for the native heap growth. Please use -XX:HeapBaseMinAddress
#     to set the Java Heap base and to place the Java Heap above 32GB virtual address.
# This output file may be truncated or incomplete.
#
#  Out of Memory Error (arena.cpp:189), pid=11284, tid=23888
#
# JRE version: Java(TM) SE Runtime Environment (17.0.9+11) (build 17.0.9+11-LTS-201)
# Java VM: Java HotSpot(TM) 64-Bit Server VM (17.0.9+11-LTS-201, mixed mode, sharing, tiered, compressed oops, compressed class ptrs, g1 gc, windows-amd64)
# No core dump will be written. Minidumps are not enabled by default on client versions of Windows
#

---------------  S U M M A R Y ------------

Command Line: -Dfile.encoding=UTF-8 -Dstdout.encoding=UTF-8 -Dstderr.encoding=UTF-8 -XX:+ShowCodeDetailsInExceptionMessages -Djava.net.preferIPv4Stack=true com.serti.pokeapi.PokeapiApplication

Host: AMD FX-9830P RADEON R7, 12 COMPUTE CORES 4C+8G , 4 cores, 14G,  Windows 10 , 64 bit Build 19041 (10.0.19041.3636)
Time: Wed Dec 27 23:13:38 2023 Hora estándar central (México) elapsed time: 4661.008896 seconds (0d 1h 17m 41s)

---------------  T H R E A D  ---------------

Current thread (0x0000020c7ed2aeb0):  JavaThread "C2 CompilerThread0" daemon [_thread_in_native, id=23888, stack(0x0000005f35d00000,0x0000005f35e00000)]


Current CompileTask:
C2:4661009 14505   !   4       sun.security.provider.HashDrbg::hashDf (167 bytes)

Stack: [0x0000005f35d00000,0x0000005f35e00000]
Native frames: (J=compiled Java code, j=interpreted, Vv=VM code, C=native code)
V  [jvm.dll+0x678a4a]
V  [jvm.dll+0x7d9cfd]
V  [jvm.dll+0x7db60e]
V  [jvm.dll+0x7dbc73]
V  [jvm.dll+0x245e1f]
V  [jvm.dll+0xaaafb]
V  [jvm.dll+0xab09c]
V  [jvm.dll+0x36232f]
V  [jvm.dll+0x32ca01]
V  [jvm.dll+0x32be9a]
V  [jvm.dll+0x21812f]
V  [jvm.dll+0x217561]
V  [jvm.dll+0x1a3bc0]
V  [jvm.dll+0x2272de]
V  [jvm.dll+0x22548b]
V  [jvm.dll+0x78f58c]
V  [jvm.dll+0x78998a]
V  [jvm.dll+0x677875]
C  [ucrtbase.dll+0x21bb2]
C  [KERNEL32.DLL+0x17344]
C  [ntdll.dll+0x526b1]


---------------  P R O C E S S  ---------------

Threads class SMR info:
_java_thread_list=0x0000020c4f90db60, length=30, elements={
0x0000020c7ed0ad50, 0x0000020c7ed0b620, 0x0000020c7ed1ae60, 0x0000020c7ed1b730,
0x0000020c7ed1c000, 0x0000020c7ed1c8d0, 0x0000020c7ed2aeb0, 0x0000020c7ed2b870,
0x0000020c7ed2c180, 0x0000020c4b11a4b0, 0x0000020c4b1313e0, 0x0000020c4eb7fcc0,
0x0000020c4eb801a0, 0x0000020c4e5992e0, 0x0000020c4d774ed0, 0x0000020c4d773070,
0x0000020c4d7744b0, 0x0000020c4d7753e0, 0x0000020c4d7758f0, 0x0000020c4d775e00,
0x0000020c4d2d5ef0, 0x0000020c4d2d6e20, 0x0000020c4d2d6400, 0x0000020c4d2d4fc0,
0x0000020c4d2d3160, 0x0000020c4d2d6910, 0x0000020c4d2d1300, 0x0000020c4d2d59e0,
0x0000020c4d2d45a0, 0x0000020c4d2d7840
}

Java Threads: ( => current thread )
  0x0000020c7ed0ad50 JavaThread "Reference Handler" daemon [_thread_blocked, id=13376, stack(0x0000005f35700000,0x0000005f35800000)]
  0x0000020c7ed0b620 JavaThread "Finalizer" daemon [_thread_blocked, id=23636, stack(0x0000005f35800000,0x0000005f35900000)]
  0x0000020c7ed1ae60 JavaThread "Signal Dispatcher" daemon [_thread_blocked, id=10304, stack(0x0000005f35900000,0x0000005f35a00000)]
  0x0000020c7ed1b730 JavaThread "Attach Listener" daemon [_thread_blocked, id=13240, stack(0x0000005f35a00000,0x0000005f35b00000)]
  0x0000020c7ed1c000 JavaThread "Service Thread" daemon [_thread_blocked, id=11544, stack(0x0000005f35b00000,0x0000005f35c00000)]
  0x0000020c7ed1c8d0 JavaThread "Monitor Deflation Thread" daemon [_thread_blocked, id=17024, stack(0x0000005f35c00000,0x0000005f35d00000)]
=>0x0000020c7ed2aeb0 JavaThread "C2 CompilerThread0" daemon [_thread_in_native, id=23888, stack(0x0000005f35d00000,0x0000005f35e00000)]
  0x0000020c7ed2b870 JavaThread "C1 CompilerThread0" daemon [_thread_blocked, id=18428, stack(0x0000005f35e00000,0x0000005f35f00000)]
  0x0000020c7ed2c180 JavaThread "Sweeper thread" daemon [_thread_blocked, id=4756, stack(0x0000005f35f00000,0x0000005f36000000)]
  0x0000020c4b11a4b0 JavaThread "Notification Thread" daemon [_thread_blocked, id=1996, stack(0x0000005f36000000,0x0000005f36100000)]
  0x0000020c4b1313e0 JavaThread "Common-Cleaner" daemon [_thread_blocked, id=136, stack(0x0000005f36200000,0x0000005f36300000)]
  0x0000020c4eb7fcc0 JavaThread "Catalina-utility-1" [_thread_blocked, id=18760, stack(0x0000005f36800000,0x0000005f36900000)]
  0x0000020c4eb801a0 JavaThread "Catalina-utility-2" [_thread_blocked, id=5296, stack(0x0000005f36900000,0x0000005f36a00000)]
  0x0000020c4e5992e0 JavaThread "container-0" [_thread_blocked, id=15696, stack(0x0000005f36a00000,0x0000005f36b00000)]
  0x0000020c4d774ed0 JavaThread "mysql-cj-abandoned-connection-cleanup" daemon [_thread_blocked, id=21724, stack(0x0000005f36b00000,0x0000005f36c00000)]
  0x0000020c4d773070 JavaThread "HikariPool-1 housekeeper" daemon [_thread_blocked, id=24236, stack(0x0000005f36d00000,0x0000005f36e00000)]
  0x0000020c4d7744b0 JavaThread "http-nio-8080-exec-1" daemon [_thread_blocked, id=18616, stack(0x0000005f36e00000,0x0000005f36f00000)]
  0x0000020c4d7753e0 JavaThread "http-nio-8080-exec-2" daemon [_thread_blocked, id=1544, stack(0x0000005f36f00000,0x0000005f37000000)]
  0x0000020c4d7758f0 JavaThread "http-nio-8080-exec-3" daemon [_thread_in_native, id=4340, stack(0x0000005f37000000,0x0000005f37100000)]
  0x0000020c4d775e00 JavaThread "http-nio-8080-exec-4" daemon [_thread_in_native, id=14224, stack(0x0000005f37100000,0x0000005f37200000)]
  0x0000020c4d2d5ef0 JavaThread "http-nio-8080-exec-5" daemon [_thread_blocked, id=9672, stack(0x0000005f37200000,0x0000005f37300000)]
  0x0000020c4d2d6e20 JavaThread "http-nio-8080-exec-6" daemon [_thread_in_native, id=18880, stack(0x0000005f37300000,0x0000005f37400000)]
  0x0000020c4d2d6400 JavaThread "http-nio-8080-exec-7" daemon [_thread_blocked, id=19160, stack(0x0000005f37400000,0x0000005f37500000)]
  0x0000020c4d2d4fc0 JavaThread "http-nio-8080-exec-8" daemon [_thread_blocked, id=6552, stack(0x0000005f37500000,0x0000005f37600000)]
  0x0000020c4d2d3160 JavaThread "http-nio-8080-exec-9" daemon [_thread_blocked, id=23008, stack(0x0000005f37600000,0x0000005f37700000)]
  0x0000020c4d2d6910 JavaThread "http-nio-8080-exec-10" daemon [_thread_blocked, id=21808, stack(0x0000005f37700000,0x0000005f37800000)]
  0x0000020c4d2d1300 JavaThread "http-nio-8080-Poller" daemon [_thread_in_native, id=8332, stack(0x0000005f37800000,0x0000005f37900000)]
  0x0000020c4d2d59e0 JavaThread "http-nio-8080-Acceptor" daemon [_thread_in_native, id=18908, stack(0x0000005f37900000,0x0000005f37a00000)]
  0x0000020c4d2d45a0 JavaThread "DestroyJavaVM" [_thread_blocked, id=22308, stack(0x0000005f35000000,0x0000005f35100000)]
  0x0000020c4d2d7840 JavaThread "Hibernate Connection Pool Validation Thread" daemon [_thread_blocked, id=13856, stack(0x0000005f37a00000,0x0000005f37b00000)]

Other Threads:
  0x0000020c7ed06bd0 VMThread "VM Thread" [stack: 0x0000005f35600000,0x0000005f35700000] [id=6680]
  0x0000020c62da57e0 WatcherThread [stack: 0x0000005f36100000,0x0000005f36200000] [id=3956]
  0x0000020c62d88250 GCTaskThread "GC Thread#0" [stack: 0x0000005f35100000,0x0000005f35200000] [id=8104]
  0x0000020c4bc5e850 GCTaskThread "GC Thread#1" [stack: 0x0000005f36400000,0x0000005f36500000] [id=1240]
  0x0000020c4bc5eb10 GCTaskThread "GC Thread#2" [stack: 0x0000005f36500000,0x0000005f36600000] [id=7260]
  0x0000020c4b900af0 GCTaskThread "GC Thread#3" [stack: 0x0000005f36600000,0x0000005f36700000] [id=20016]
  0x0000020c62d98f10 ConcurrentGCThread "G1 Main Marker" [stack: 0x0000005f35200000,0x0000005f35300000] [id=7000]
  0x0000020c62d99ed0 ConcurrentGCThread "G1 Conc#0" [stack: 0x0000005f35300000,0x0000005f35400000] [id=24800]
  0x0000020c7eba20c0 ConcurrentGCThread "G1 Refine#0" [stack: 0x0000005f35400000,0x0000005f35500000] [id=25044]
  0x0000020c4cc56440 ConcurrentGCThread "G1 Refine#1" [stack: 0x0000005f36700000,0x0000005f36800000] [id=6420]
  0x0000020c7eba2900 ConcurrentGCThread "G1 Service" [stack: 0x0000005f35500000,0x0000005f35600000] [id=8068]

Threads with active compile tasks:
C2 CompilerThread0  4661070 14505   !   4       sun.security.provider.HashDrbg::hashDf (167 bytes)

VM state: not at safepoint (normal execution)

VM Mutex/Monitor currently owned by a thread: None

Heap address: 0x0000000710a00000, size: 3830 MB, Compressed Oops mode: Zero based, Oop shift amount: 3

CDS archive(s) mapped at: [0x0000020c06000000-0x0000020c06bd0000-0x0000020c06bd0000), size 12386304, SharedBaseAddress: 0x0000020c06000000, ArchiveRelocationMode: 1.
Compressed class space mapped at: 0x0000020c07000000-0x0000020c47000000, reserved size: 1073741824
Narrow klass base: 0x0000020c06000000, Narrow klass shift: 0, Narrow klass range: 0x100000000

GC Precious Log:
 CPUs: 4 total, 4 available
 Memory: 15317M
 Large Page Support: Disabled
 NUMA Support: Disabled
 Compressed Oops: Enabled (Zero based)
 Heap Region Size: 2M
 Heap Min Capacity: 8M
 Heap Initial Capacity: 240M
 Heap Max Capacity: 3830M
 Pre-touch: Disabled
 Parallel Workers: 4
 Concurrent Workers: 1
 Concurrent Refinement Workers: 4
 Periodic GC: Disabled

Heap:
 garbage-first heap   total 118784K, used 77009K [0x0000000710a00000, 0x0000000800000000)
  region size 2048K, 20 young (40960K), 1 survivors (2048K)
 Metaspace       used 84258K, committed 84864K, reserved 1179648K
  class space    used 10539K, committed 10816K, reserved 1048576K

Heap Regions: E=young(eden), S=young(survivor), O=old, HS=humongous(starts), HC=humongous(continues), CS=collection set, F=free, OA=open archive, CA=closed archive, TAMS=top-at-mark-start (previous, next)
|   0|0x0000000710a00000, 0x0000000710c00000, 0x0000000710c00000|100%| O|  |TAMS 0x0000000710c00000, 0x0000000710a00000| Untracked 
|   1|0x0000000710c00000, 0x0000000710e00000, 0x0000000710e00000|100%| O|  |TAMS 0x0000000710e00000, 0x0000000710c00000| Untracked 
|   2|0x0000000710e00000, 0x0000000710fd4800, 0x0000000711000000| 91%| O|  |TAMS 0x0000000710fd4800, 0x0000000710e00000| Untracked 
|   3|0x0000000711000000, 0x0000000711200000, 0x0000000711200000|100%| O|  |TAMS 0x0000000711000000, 0x0000000711000000| Untracked 
|   4|0x0000000711200000, 0x0000000711400000, 0x0000000711400000|100%| O|  |TAMS 0x0000000711400000, 0x0000000711200000| Untracked 
|   5|0x0000000711400000, 0x0000000711600000, 0x0000000711600000|100%| O|  |TAMS 0x0000000711600000, 0x0000000711400000| Untracked 
|   6|0x0000000711600000, 0x0000000711800000, 0x0000000711800000|100%| O|  |TAMS 0x0000000711800000, 0x0000000711600000| Untracked 
|   7|0x0000000711800000, 0x0000000711a00000, 0x0000000711a00000|100%| O|  |TAMS 0x0000000711a00000, 0x0000000711800000| Untracked 
|   8|0x0000000711a00000, 0x0000000711c00000, 0x0000000711c00000|100%| O|  |TAMS 0x0000000711c00000, 0x0000000711a00000| Untracked 
|   9|0x0000000711c00000, 0x0000000711e00000, 0x0000000711e00000|100%| O|  |TAMS 0x0000000711e00000, 0x0000000711c00000| Untracked 
|  10|0x0000000711e00000, 0x0000000712000000, 0x0000000712000000|100%| O|  |TAMS 0x0000000712000000, 0x0000000711e00000| Untracked 
|  11|0x0000000712000000, 0x0000000712200000, 0x0000000712200000|100%| O|  |TAMS 0x0000000712200000, 0x0000000712000000| Untracked 
|  12|0x0000000712200000, 0x0000000712400000, 0x0000000712400000|100%| O|  |TAMS 0x0000000712400000, 0x0000000712200000| Untracked 
|  13|0x0000000712400000, 0x0000000712600000, 0x0000000712600000|100%| O|  |TAMS 0x0000000712600000, 0x0000000712400000| Untracked 
|  14|0x0000000712600000, 0x0000000712800000, 0x0000000712800000|100%| O|  |TAMS 0x0000000712800000, 0x0000000712600000| Untracked 
|  15|0x0000000712800000, 0x0000000712a00000, 0x0000000712a00000|100%| O|  |TAMS 0x000000071289ec00, 0x0000000712800000| Untracked 
|  16|0x0000000712a00000, 0x0000000712c00000, 0x0000000712c00000|100%| O|  |TAMS 0x0000000712a00000, 0x0000000712a00000| Untracked 
|  17|0x0000000712c00000, 0x0000000712e00000, 0x0000000712e00000|100%| O|  |TAMS 0x0000000712c00000, 0x0000000712c00000| Untracked 
|  18|0x0000000712e00000, 0x0000000713000000, 0x0000000713000000|100%| O|  |TAMS 0x0000000712e00000, 0x0000000712e00000| Untracked 
|  19|0x0000000713000000, 0x00000007131c7600, 0x0000000713200000| 88%| O|  |TAMS 0x0000000713000000, 0x0000000713000000| Untracked 
|  20|0x0000000713200000, 0x0000000713200000, 0x0000000713400000|  0%| F|  |TAMS 0x0000000713200000, 0x0000000713200000| Untracked 
|  21|0x0000000713400000, 0x0000000713400000, 0x0000000713600000|  0%| F|  |TAMS 0x0000000713400000, 0x0000000713400000| Untracked 
|  22|0x0000000713600000, 0x0000000713600000, 0x0000000713800000|  0%| F|  |TAMS 0x0000000713600000, 0x0000000713600000| Untracked 
|  23|0x0000000713800000, 0x0000000713800000, 0x0000000713a00000|  0%| F|  |TAMS 0x0000000713800000, 0x0000000713800000| Untracked 
|  24|0x0000000713a00000, 0x0000000713a00000, 0x0000000713c00000|  0%| F|  |TAMS 0x0000000713a00000, 0x0000000713a00000| Untracked 
|  25|0x0000000713c00000, 0x0000000713c00000, 0x0000000713e00000|  0%| F|  |TAMS 0x0000000713c00000, 0x0000000713c00000| Untracked 
|  26|0x0000000713e00000, 0x0000000713e00000, 0x0000000714000000|  0%| F|  |TAMS 0x0000000713e00000, 0x0000000713e00000| Untracked 
|  27|0x0000000714000000, 0x0000000714000000, 0x0000000714200000|  0%| F|  |TAMS 0x0000000714000000, 0x0000000714000000| Untracked 
|  28|0x0000000714200000, 0x0000000714200000, 0x0000000714400000|  0%| F|  |TAMS 0x0000000714200000, 0x0000000714200000| Untracked 
|  29|0x0000000714400000, 0x0000000714400000, 0x0000000714600000|  0%| F|  |TAMS 0x0000000714400000, 0x0000000714400000| Untracked 
|  30|0x0000000714600000, 0x0000000714798930, 0x0000000714800000| 79%| S|CS|TAMS 0x0000000714600000, 0x0000000714600000| Complete 
|  31|0x0000000714800000, 0x0000000714800000, 0x0000000714a00000|  0%| F|  |TAMS 0x0000000714800000, 0x0000000714800000| Untracked 
|  32|0x0000000714a00000, 0x0000000714a00000, 0x0000000714c00000|  0%| F|  |TAMS 0x0000000714a00000, 0x0000000714a00000| Untracked 
|  33|0x0000000714c00000, 0x0000000714c00000, 0x0000000714e00000|  0%| F|  |TAMS 0x0000000714c00000, 0x0000000714c00000| Untracked 
|  34|0x0000000714e00000, 0x0000000714e00000, 0x0000000715000000|  0%| F|  |TAMS 0x0000000714e00000, 0x0000000714e00000| Untracked 
|  35|0x0000000715000000, 0x0000000715000000, 0x0000000715200000|  0%| F|  |TAMS 0x0000000715000000, 0x0000000715000000| Untracked 
|  36|0x0000000715200000, 0x0000000715200000, 0x0000000715400000|  0%| F|  |TAMS 0x0000000715200000, 0x0000000715200000| Untracked 
|  37|0x0000000715400000, 0x0000000715400000, 0x0000000715600000|  0%| F|  |TAMS 0x0000000715400000, 0x0000000715400000| Untracked 
|  38|0x0000000715600000, 0x0000000715600000, 0x0000000715800000|  0%| F|  |TAMS 0x0000000715600000, 0x0000000715600000| Untracked 
|  39|0x0000000715800000, 0x0000000715910498, 0x0000000715a00000| 53%| E|  |TAMS 0x0000000715800000, 0x0000000715800000| Complete 
|  40|0x0000000715a00000, 0x0000000715c00000, 0x0000000715c00000|100%| E|  |TAMS 0x0000000715a00000, 0x0000000715a00000| Complete 
|  41|0x0000000715c00000, 0x0000000715e00000, 0x0000000715e00000|100%| E|CS|TAMS 0x0000000715c00000, 0x0000000715c00000| Complete 
|  42|0x0000000715e00000, 0x0000000716000000, 0x0000000716000000|100%| E|CS|TAMS 0x0000000715e00000, 0x0000000715e00000| Complete 
|  43|0x0000000716000000, 0x0000000716200000, 0x0000000716200000|100%| E|CS|TAMS 0x0000000716000000, 0x0000000716000000| Complete 
|  44|0x0000000716200000, 0x0000000716400000, 0x0000000716400000|100%| E|CS|TAMS 0x0000000716200000, 0x0000000716200000| Complete 
|  45|0x0000000716400000, 0x0000000716600000, 0x0000000716600000|100%| E|CS|TAMS 0x0000000716400000, 0x0000000716400000| Complete 
|  46|0x0000000716600000, 0x0000000716800000, 0x0000000716800000|100%| E|CS|TAMS 0x0000000716600000, 0x0000000716600000| Complete 
|  47|0x0000000716800000, 0x0000000716a00000, 0x0000000716a00000|100%| E|CS|TAMS 0x0000000716800000, 0x0000000716800000| Complete 
|  48|0x0000000716a00000, 0x0000000716c00000, 0x0000000716c00000|100%| E|CS|TAMS 0x0000000716a00000, 0x0000000716a00000| Complete 
|  49|0x0000000716c00000, 0x0000000716e00000, 0x0000000716e00000|100%| E|CS|TAMS 0x0000000716c00000, 0x0000000716c00000| Complete 
|  50|0x0000000716e00000, 0x0000000717000000, 0x0000000717000000|100%| E|CS|TAMS 0x0000000716e00000, 0x0000000716e00000| Complete 
|  51|0x0000000717000000, 0x0000000717200000, 0x0000000717200000|100%| E|CS|TAMS 0x0000000717000000, 0x0000000717000000| Complete 
|  79|0x000000071a800000, 0x000000071aa00000, 0x000000071aa00000|100%| E|CS|TAMS 0x000000071a800000, 0x000000071a800000| Complete 
|  80|0x000000071aa00000, 0x000000071ac00000, 0x000000071ac00000|100%| E|CS|TAMS 0x000000071aa00000, 0x000000071aa00000| Complete 
|  81|0x000000071ac00000, 0x000000071ae00000, 0x000000071ae00000|100%| E|CS|TAMS 0x000000071ac00000, 0x000000071ac00000| Complete 
|  82|0x000000071ae00000, 0x000000071b000000, 0x000000071b000000|100%| E|CS|TAMS 0x000000071ae00000, 0x000000071ae00000| Complete 
|  83|0x000000071b000000, 0x000000071b200000, 0x000000071b200000|100%| E|CS|TAMS 0x000000071b000000, 0x000000071b000000| Complete 
| 119|0x000000071f800000, 0x000000071fa00000, 0x000000071fa00000|100%| E|CS|TAMS 0x000000071f800000, 0x000000071f800000| Complete 

Card table byte_map: [0x0000020c79d30000,0x0000020c7a4b0000] _byte_map_base: 0x0000020c764ab000

Marking Bits (Prev, Next): (CMBitMap*) 0x0000020c62d89690, (CMBitMap*) 0x0000020c62d896d0
 Prev Bits: [0x0000020c7ac30000, 0x0000020c7e808000)
 Next Bits: [0x0000020c00000000, 0x0000020c03bd8000)

Polling page: 0x0000020c624e0000

Metaspace:

Usage:
  Non-class:     71.99 MB used.
      Class:     10.29 MB used.
       Both:     82.28 MB used.

Virtual space:
  Non-class space:      128.00 MB reserved,      72.31 MB ( 56%) committed,  2 nodes.
      Class space:        1.00 GB reserved,      10.56 MB (  1%) committed,  1 nodes.
             Both:        1.12 GB reserved,      82.88 MB (  7%) committed. 

Chunk freelists:
   Non-Class:  7.11 MB
       Class:  5.31 MB
        Both:  12.42 MB

MaxMetaspaceSize: unlimited
CompressedClassSpaceSize: 1.00 GB
Initial GC threshold: 21.00 MB
Current GC threshold: 106.38 MB
CDS: on
MetaspaceReclaimPolicy: balanced
 - commit_granule_bytes: 65536.
 - commit_granule_words: 8192.
 - virtual_space_node_default_size: 8388608.
 - enlarge_chunks_in_place: 1.
 - new_chunks_are_fully_committed: 0.
 - uncommit_free_chunks: 1.
 - use_allocation_guard: 0.
 - handle_deallocations: 1.


Internal statistics:

num_allocs_failed_limit: 9.
num_arena_births: 850.
num_arena_deaths: 0.
num_vsnodes_births: 3.
num_vsnodes_deaths: 0.
num_space_committed: 1326.
num_space_uncommitted: 0.
num_chunks_returned_to_freelist: 9.
num_chunks_taken_from_freelist: 3704.
num_chunk_merges: 9.
num_chunk_splits: 2657.
num_chunks_enlarged: 2062.
num_inconsistent_stats: 0.

CodeHeap 'non-profiled nmethods': size=120000Kb used=10173Kb max_used=10173Kb free=109827Kb
 bounds [0x0000020c72080000, 0x0000020c72a70000, 0x0000020c795b0000]
CodeHeap 'profiled nmethods': size=120000Kb used=26524Kb max_used=26524Kb free=93475Kb
 bounds [0x0000020c6a5b0000, 0x0000020c6bfa0000, 0x0000020c71ae0000]
CodeHeap 'non-nmethods': size=5760Kb used=1384Kb max_used=1447Kb free=4375Kb
 bounds [0x0000020c71ae0000, 0x0000020c71d50000, 0x0000020c72080000]
 total_blobs=13002 nmethods=12277 adapters=637
 compilation: enabled
              stopped_count=0, restarted_count=0
 full_count=0

Compilation events (20 events):
Event: 4657.559 Thread 0x0000020c7ed2aeb0 nmethod 14495 0x0000020c72a5e290 code [0x0000020c72a5e420, 0x0000020c72a5e698]
Event: 4657.559 Thread 0x0000020c7ed2aeb0 14496       4       sun.nio.ch.SocketOptionRegistry::findOption (23 bytes)
Event: 4657.567 Thread 0x0000020c7ed2aeb0 nmethod 14496 0x0000020c72a5e910 code [0x0000020c72a5eae0, 0x0000020c72a5ef18]
Event: 4657.572 Thread 0x0000020c7ed2aeb0 14497       4       java.util.concurrent.locks.ReentrantReadWriteLock$Sync::tryReleaseShared (146 bytes)
Event: 4657.592 Thread 0x0000020c7ed2aeb0 nmethod 14497 0x0000020c72a5f510 code [0x0000020c72a5f6e0, 0x0000020c72a60018]
Event: 4657.760 Thread 0x0000020c7ed2aeb0 14498       4       org.apache.coyote.http11.filters.VoidInputFilter::recycle (1 bytes)
Event: 4657.760 Thread 0x0000020c7ed2aeb0 nmethod 14498 0x0000020c72a60690 code [0x0000020c72a60800, 0x0000020c72a60878]
Event: 4657.983 Thread 0x0000020c7ed2aeb0 14499       4       sun.security.ssl.SSLCipher::createWriteCipher (135 bytes)
Event: 4658.233 Thread 0x0000020c7ed2aeb0 nmethod 14499 0x0000020c72a60990 code [0x0000020c72a60ca0, 0x0000020c72a64120]
Event: 4658.234 Thread 0x0000020c7ed2aeb0 14500       4       sun.security.ssl.SSLCipher::createReadCipher (135 bytes)
Event: 4658.478 Thread 0x0000020c7ed2aeb0 nmethod 14500 0x0000020c72a65d10 code [0x0000020c72a66020, 0x0000020c72a694a0]
Event: 4658.478 Thread 0x0000020c7ed2aeb0 14501       4       org.hibernate.engine.spi.ActionQueue$OrderedActions$3::getActions (5 bytes)
Event: 4658.479 Thread 0x0000020c7ed2aeb0 nmethod 14501 0x0000020c72a6b090 code [0x0000020c72a6b200, 0x0000020c72a6b298]
Event: 4658.741 Thread 0x0000020c7ed2aeb0 14502       4       org.hibernate.engine.internal.StatefulPersistenceContext::setFlushing (36 bytes)
Event: 4658.780 Thread 0x0000020c7ed2aeb0 nmethod 14502 0x0000020c72a6b390 code [0x0000020c72a6b540, 0x0000020c72a6bcd8]
Event: 4658.891 Thread 0x0000020c7ed2aeb0 14503       4       org.hibernate.engine.spi.ActionQueue::prepareActions (39 bytes)
Event: 4658.892 Thread 0x0000020c7ed2aeb0 nmethod 14503 0x0000020c72a6c190 code [0x0000020c72a6c300, 0x0000020c72a6c398]
Event: 4659.301 Thread 0x0000020c7ed2aeb0 14504   !   4       org.apache.tomcat.util.http.Parameters::processParameters (1262 bytes)
Event: 4659.387 Thread 0x0000020c7ed2aeb0 nmethod 14504 0x0000020c72a6c490 code [0x0000020c72a6c6e0, 0x0000020c72a6e1f0]
Event: 4660.219 Thread 0x0000020c7ed2aeb0 14505   !   4       sun.security.provider.HashDrbg::hashDf (167 bytes)

GC Heap History (20 events):
Event: 4648.750 GC heap before
{Heap before GC invocations=78 (full 0):
 garbage-first heap   total 118784K, used 97765K [0x0000000710a00000, 0x0000000800000000)
  region size 2048K, 29 young (59392K), 1 survivors (2048K)
 Metaspace       used 84252K, committed 84864K, reserved 1179648K
  class space    used 10538K, committed 10816K, reserved 1048576K
}
Event: 4648.755 GC heap after
{Heap after GC invocations=79 (full 0):
 garbage-first heap   total 118784K, used 42827K [0x0000000710a00000, 0x0000000800000000)
  region size 2048K, 2 young (4096K), 2 survivors (4096K)
 Metaspace       used 84252K, committed 84864K, reserved 1179648K
  class space    used 10538K, committed 10816K, reserved 1048576K
}
Event: 4649.632 GC heap before
{Heap before GC invocations=79 (full 0):
 garbage-first heap   total 118784K, used 96075K [0x0000000710a00000, 0x0000000800000000)
  region size 2048K, 29 young (59392K), 2 survivors (4096K)
 Metaspace       used 84252K, committed 84864K, reserved 1179648K
  class space    used 10538K, committed 10816K, reserved 1048576K
}
Event: 4649.635 GC heap after
{Heap after GC invocations=80 (full 0):
 garbage-first heap   total 118784K, used 42551K [0x0000000710a00000, 0x0000000800000000)
  region size 2048K, 1 young (2048K), 1 survivors (2048K)
 Metaspace       used 84252K, committed 84864K, reserved 1179648K
  class space    used 10538K, committed 10816K, reserved 1048576K
}
Event: 4650.564 GC heap before
{Heap before GC invocations=80 (full 0):
 garbage-first heap   total 118784K, used 97847K [0x0000000710a00000, 0x0000000800000000)
  region size 2048K, 29 young (59392K), 1 survivors (2048K)
 Metaspace       used 84252K, committed 84864K, reserved 1179648K
  class space    used 10538K, committed 10816K, reserved 1048576K
}
Event: 4650.567 GC heap after
{Heap after GC invocations=81 (full 0):
 garbage-first heap   total 118784K, used 42419K [0x0000000710a00000, 0x0000000800000000)
  region size 2048K, 1 young (2048K), 1 survivors (2048K)
 Metaspace       used 84252K, committed 84864K, reserved 1179648K
  class space    used 10538K, committed 10816K, reserved 1048576K
}
Event: 4651.530 GC heap before
{Heap before GC invocations=81 (full 0):
 garbage-first heap   total 118784K, used 97715K [0x0000000710a00000, 0x0000000800000000)
  region size 2048K, 29 young (59392K), 1 survivors (2048K)
 Metaspace       used 84252K, committed 84864K, reserved 1179648K
  class space    used 10538K, committed 10816K, reserved 1048576K
}
Event: 4651.534 GC heap after
{Heap after GC invocations=82 (full 0):
 garbage-first heap   total 118784K, used 42355K [0x0000000710a00000, 0x0000000800000000)
  region size 2048K, 1 young (2048K), 1 survivors (2048K)
 Metaspace       used 84252K, committed 84864K, reserved 1179648K
  class space    used 10538K, committed 10816K, reserved 1048576K
}
Event: 4652.691 GC heap before
{Heap before GC invocations=82 (full 0):
 garbage-first heap   total 118784K, used 97651K [0x0000000710a00000, 0x0000000800000000)
  region size 2048K, 29 young (59392K), 1 survivors (2048K)
 Metaspace       used 84252K, committed 84864K, reserved 1179648K
  class space    used 10538K, committed 10816K, reserved 1048576K
}
Event: 4652.694 GC heap after
{Heap after GC invocations=83 (full 0):
 garbage-first heap   total 118784K, used 42845K [0x0000000710a00000, 0x0000000800000000)
  region size 2048K, 2 young (4096K), 2 survivors (4096K)
 Metaspace       used 84252K, committed 84864K, reserved 1179648K
  class space    used 10538K, committed 10816K, reserved 1048576K
}
Event: 4654.288 GC heap before
{Heap before GC invocations=83 (full 0):
 garbage-first heap   total 118784K, used 96093K [0x0000000710a00000, 0x0000000800000000)
  region size 2048K, 29 young (59392K), 2 survivors (4096K)
 Metaspace       used 84257K, committed 84864K, reserved 1179648K
  class space    used 10538K, committed 10816K, reserved 1048576K
}
Event: 4654.291 GC heap after
{Heap after GC invocations=84 (full 0):
 garbage-first heap   total 118784K, used 42298K [0x0000000710a00000, 0x0000000800000000)
  region size 2048K, 1 young (2048K), 1 survivors (2048K)
 Metaspace       used 84257K, committed 84864K, reserved 1179648K
  class space    used 10538K, committed 10816K, reserved 1048576K
}
Event: 4655.817 GC heap before
{Heap before GC invocations=84 (full 0):
 garbage-first heap   total 118784K, used 97594K [0x0000000710a00000, 0x0000000800000000)
  region size 2048K, 29 young (59392K), 1 survivors (2048K)
 Metaspace       used 84258K, committed 84864K, reserved 1179648K
  class space    used 10538K, committed 10816K, reserved 1048576K
}
Event: 4655.821 GC heap after
{Heap after GC invocations=85 (full 0):
 garbage-first heap   total 118784K, used 43497K [0x0000000710a00000, 0x0000000800000000)
  region size 2048K, 2 young (4096K), 2 survivors (4096K)
 Metaspace       used 84258K, committed 84864K, reserved 1179648K
  class space    used 10538K, committed 10816K, reserved 1048576K
}
Event: 4657.244 GC heap before
{Heap before GC invocations=85 (full 0):
 garbage-first heap   total 118784K, used 96745K [0x0000000710a00000, 0x0000000800000000)
  region size 2048K, 29 young (59392K), 2 survivors (4096K)
 Metaspace       used 84258K, committed 84864K, reserved 1179648K
  class space    used 10538K, committed 10816K, reserved 1048576K
}
Event: 4657.248 GC heap after
{Heap after GC invocations=86 (full 0):
 garbage-first heap   total 118784K, used 42208K [0x0000000710a00000, 0x0000000800000000)
  region size 2048K, 1 young (2048K), 1 survivors (2048K)
 Metaspace       used 84258K, committed 84864K, reserved 1179648K
  class space    used 10538K, committed 10816K, reserved 1048576K
}
Event: 4658.883 GC heap before
{Heap before GC invocations=86 (full 0):
 garbage-first heap   total 118784K, used 97504K [0x0000000710a00000, 0x0000000800000000)
  region size 2048K, 29 young (59392K), 1 survivors (2048K)
 Metaspace       used 84258K, committed 84864K, reserved 1179648K
  class space    used 10538K, committed 10816K, reserved 1048576K
}
Event: 4658.888 GC heap after
{Heap after GC invocations=87 (full 0):
 garbage-first heap   total 118784K, used 42814K [0x0000000710a00000, 0x0000000800000000)
  region size 2048K, 2 young (4096K), 2 survivors (4096K)
 Metaspace       used 84258K, committed 84864K, reserved 1179648K
  class space    used 10538K, committed 10816K, reserved 1048576K
}
Event: 4660.178 GC heap before
{Heap before GC invocations=87 (full 0):
 garbage-first heap   total 118784K, used 96062K [0x0000000710a00000, 0x0000000800000000)
  region size 2048K, 29 young (59392K), 2 survivors (4096K)
 Metaspace       used 84258K, committed 84864K, reserved 1179648K
  class space    used 10538K, committed 10816K, reserved 1048576K
}
Event: 4660.181 GC heap after
{Heap after GC invocations=88 (full 0):
 garbage-first heap   total 118784K, used 42193K [0x0000000710a00000, 0x0000000800000000)
  region size 2048K, 1 young (2048K), 1 survivors (2048K)
 Metaspace       used 84258K, committed 84864K, reserved 1179648K
  class space    used 10538K, committed 10816K, reserved 1048576K
}

Deoptimization events (20 events):
Event: 4660.673 Thread 0x0000020c4d7744b0 Uncommon trap: trap_request=0x0000009c fr.pc=0x0000020c7290e9d8 relative=0x0000000000000d18
Event: 4660.673 Thread 0x0000020c4d7744b0 Uncommon trap: reason=unloaded action=reinterpret pc=0x0000020c7290e9d8 method=org.apache.catalina.connector.OutputBuffer.realWriteBytes(Ljava/nio/ByteBuffer;)V @ 43 c2
Event: 4660.673 Thread 0x0000020c4d7744b0 DEOPT PACKING pc=0x0000020c7290e9d8 sp=0x0000005f36efc480
Event: 4660.673 Thread 0x0000020c4d7744b0 DEOPT UNPACKING pc=0x0000020c71b323a3 sp=0x0000005f36efc410 mode 2
Event: 4660.673 Thread 0x0000020c4d7744b0 Uncommon trap: trap_request=0xffffff45 fr.pc=0x0000020c728edf88 relative=0x00000000000000e8
Event: 4660.674 Thread 0x0000020c4d7744b0 Uncommon trap: reason=unstable_if action=reinterpret pc=0x0000020c728edf88 method=org.apache.catalina.connector.Response.isAppCommitted()Z @ 11 c2
Event: 4660.674 Thread 0x0000020c4d7744b0 DEOPT PACKING pc=0x0000020c728edf88 sp=0x0000005f36efce20
Event: 4660.674 Thread 0x0000020c4d7744b0 DEOPT UNPACKING pc=0x0000020c71b323a3 sp=0x0000005f36efcdb8 mode 2
Event: 4660.676 Thread 0x0000020c4d7744b0 Uncommon trap: trap_request=0xffffff54 fr.pc=0x0000020c722c1778 relative=0x0000000000000598
Event: 4660.676 Thread 0x0000020c4d7744b0 Uncommon trap: reason=speculate_null_assert action=make_not_entrant pc=0x0000020c722c1778 method=org.springframework.util.ConcurrentReferenceHashMap$Segment.restructureIfNecessary(Z)V @ 41 c2
Event: 4660.676 Thread 0x0000020c4d7744b0 DEOPT PACKING pc=0x0000020c722c1778 sp=0x0000005f36efc380
Event: 4660.677 Thread 0x0000020c4d7744b0 DEOPT UNPACKING pc=0x0000020c71b323a3 sp=0x0000005f36efc240 mode 2
Event: 4660.677 Thread 0x0000020c4d7744b0 Uncommon trap: trap_request=0xffffff54 fr.pc=0x0000020c722c28fc relative=0x000000000000049c
Event: 4660.677 Thread 0x0000020c4d7744b0 Uncommon trap: reason=speculate_null_assert action=make_not_entrant pc=0x0000020c722c28fc method=org.springframework.util.ConcurrentReferenceHashMap$Segment.restructureIfNecessary(Z)V @ 41 c2
Event: 4660.677 Thread 0x0000020c4d7744b0 DEOPT PACKING pc=0x0000020c722c28fc sp=0x0000005f36efc960
Event: 4660.677 Thread 0x0000020c4d7744b0 DEOPT UNPACKING pc=0x0000020c71b323a3 sp=0x0000005f36efc8b8 mode 2
Event: 4660.678 Thread 0x0000020c4d7744b0 Uncommon trap: trap_request=0xffffff45 fr.pc=0x0000020c725cbe9c relative=0x0000000000001c9c
Event: 4660.678 Thread 0x0000020c4d7744b0 Uncommon trap: reason=unstable_if action=reinterpret pc=0x0000020c725cbe9c method=org.apache.catalina.connector.Request.getAttribute(Ljava/lang/String;)Ljava/lang/Object; @ 53 c2
Event: 4660.678 Thread 0x0000020c4d7744b0 DEOPT PACKING pc=0x0000020c725cbe9c sp=0x0000005f36efdbe0
Event: 4660.678 Thread 0x0000020c4d7744b0 DEOPT UNPACKING pc=0x0000020c71b323a3 sp=0x0000005f36efdb90 mode 2

Classes unloaded (0 events):
No events

Classes redefined (0 events):
No events

Internal exceptions (20 events):
Event: 1811.026 Thread 0x0000020c4d2d3670 Exception <a 'java/io/IOException'{0x000000071aced978}> (0x000000071aced978) 
thrown [s\open\src\hotspot\share\prims\jni.cpp, line 516]
Event: 3555.336 Thread 0x0000020c4d2d2230 Exception <a 'java/io/IOException'{0x0000000715e7caf0}> (0x0000000715e7caf0) 
thrown [s\open\src\hotspot\share\prims\jni.cpp, line 516]
Event: 3569.531 Thread 0x0000020c4d2d8770 Exception <a 'java/io/IOException'{0x0000000715fbe7c0}> (0x0000000715fbe7c0) 
thrown [s\open\src\hotspot\share\prims\jni.cpp, line 516]
Event: 3569.531 Thread 0x0000020c4d2d8770 Exception <a 'java/io/IOException'{0x0000000715fbf300}> (0x0000000715fbf300) 
thrown [s\open\src\hotspot\share\prims\jni.cpp, line 516]
Event: 3579.703 Thread 0x0000020c4d2d54d0 Exception <a 'java/io/IOException'{0x00000007159f3a60}> (0x00000007159f3a60) 
thrown [s\open\src\hotspot\share\prims\jni.cpp, line 516]
Event: 3579.703 Thread 0x0000020c4d2d54d0 Exception <a 'java/io/IOException'{0x00000007159f45a0}> (0x00000007159f45a0) 
thrown [s\open\src\hotspot\share\prims\jni.cpp, line 516]
Event: 3581.259 Thread 0x0000020c4d2d54d0 Exception <a 'java/io/IOException'{0x00000007159f9400}> (0x00000007159f9400) 
thrown [s\open\src\hotspot\share\prims\jni.cpp, line 516]
Event: 3581.259 Thread 0x0000020c4d2d54d0 Exception <a 'java/io/IOException'{0x00000007159f9f40}> (0x00000007159f9f40) 
thrown [s\open\src\hotspot\share\prims\jni.cpp, line 516]
Event: 3588.299 Thread 0x0000020c4d2d8770 Exception <a 'java/io/IOException'{0x0000000715494f68}> (0x0000000715494f68) 
thrown [s\open\src\hotspot\share\prims\jni.cpp, line 516]
Event: 3604.119 Thread 0x0000020c4d2d8770 Exception <a 'java/net/SocketException'{0x00000007155111a0}: Connection reset by peer: shutdown> (0x00000007155111a0) 
thrown [s\open\src\hotspot\share\prims\jni.cpp, line 535]
Event: 4656.716 Thread 0x0000020c4d775e00 Implicit null exception at 0x0000020c72a5d104 to 0x0000020c72a5d5e8
Event: 4656.718 Thread 0x0000020c4d775e00 Implicit null exception at 0x0000020c72a5d104 to 0x0000020c72a5d5e8
Event: 4656.759 Thread 0x0000020c4d2d6400 Implicit null exception at 0x0000020c72a5d104 to 0x0000020c72a5d5e8
Event: 4656.761 Thread 0x0000020c4d2d6400 Implicit null exception at 0x0000020c72a5d104 to 0x0000020c72a5d5e8
Event: 4660.506 Thread 0x0000020c4d775e00 Exception <a 'java/net/SocketException'{0x0000000716dfb928}: Connection reset by peer: shutdown> (0x0000000716dfb928) 
thrown [s\open\src\hotspot\share\prims\jni.cpp, line 535]
Event: 4660.506 Thread 0x0000020c4d775e00 Exception <a 'java/net/SocketException'{0x0000000716dfbf68}: Connection reset by peer: shutdown> (0x0000000716dfbf68) 
thrown [s\open\src\hotspot\share\prims\jni.cpp, line 535]
Event: 4660.532 Thread 0x0000020c4d7758f0 Exception <a 'java/net/SocketException'{0x0000000716bf10c8}: Connection reset by peer: shutdown> (0x0000000716bf10c8) 
thrown [s\open\src\hotspot\share\prims\jni.cpp, line 535]
Event: 4660.571 Thread 0x0000020c4d2d6910 Exception <a 'java/net/SocketException'{0x00000007169ff570}: Connection reset by peer: shutdown> (0x00000007169ff570) 
thrown [s\open\src\hotspot\share\prims\jni.cpp, line 535]
Event: 4660.597 Thread 0x0000020c4d2d4fc0 Exception <a 'java/net/SocketException'{0x000000071a8acb70}: Connection reset by peer: shutdown> (0x000000071a8acb70) 
thrown [s\open\src\hotspot\share\prims\jni.cpp, line 535]
Event: 4660.673 Thread 0x0000020c4d7744b0 Exception <a 'java/io/IOException'{0x00000007165bf468}> (0x00000007165bf468) 
thrown [s\open\src\hotspot\share\prims\jni.cpp, line 516]

VM Operations (20 events):
Event: 4654.288 Executing VM operation: G1CollectForAllocation
Event: 4654.294 Executing VM operation: G1CollectForAllocation done
Event: 4655.298 Executing VM operation: Cleanup
Event: 4655.299 Executing VM operation: Cleanup done
Event: 4655.817 Executing VM operation: G1CollectForAllocation
Event: 4655.817 Executing VM operation: G1CollectForAllocation done
Event: 4655.817 Executing VM operation: G1CollectForAllocation
Event: 4655.821 Executing VM operation: G1CollectForAllocation done
Event: 4656.835 Executing VM operation: Cleanup
Event: 4656.835 Executing VM operation: Cleanup done
Event: 4657.244 Executing VM operation: G1CollectForAllocation
Event: 4657.249 Executing VM operation: G1CollectForAllocation done
Event: 4658.253 Executing VM operation: Cleanup
Event: 4658.253 Executing VM operation: Cleanup done
Event: 4658.882 Executing VM operation: G1CollectForAllocation
Event: 4658.883 Executing VM operation: G1CollectForAllocation done
Event: 4658.883 Executing VM operation: G1CollectForAllocation
Event: 4658.888 Executing VM operation: G1CollectForAllocation done
Event: 4660.178 Executing VM operation: G1CollectForAllocation
Event: 4660.181 Executing VM operation: G1CollectForAllocation done

Events (20 events):
Event: 4609.424 Thread 0x0000020c7ed2c180 flushing nmethod 0x0000020c6b580b90
Event: 4609.424 Thread 0x0000020c7ed2c180 flushing nmethod 0x0000020c6b598190
Event: 4609.425 Thread 0x0000020c7ed2c180 flushing nmethod 0x0000020c6b5d5310
Event: 4609.425 Thread 0x0000020c7ed2c180 flushing nmethod 0x0000020c6b611c10
Event: 4609.425 Thread 0x0000020c7ed2c180 flushing nmethod 0x0000020c6b633690
Event: 4609.425 Thread 0x0000020c7ed2c180 flushing nmethod 0x0000020c6b68b690
Event: 4609.425 Thread 0x0000020c7ed2c180 flushing nmethod 0x0000020c6b6a9d10
Event: 4609.426 Thread 0x0000020c7ed2c180 flushing nmethod 0x0000020c6b720010
Event: 4609.426 Thread 0x0000020c7ed2c180 flushing nmethod 0x0000020c6b748710
Event: 4609.427 Thread 0x0000020c7ed2c180 flushing nmethod 0x0000020c6b798e90
Event: 4609.427 Thread 0x0000020c7ed2c180 flushing nmethod 0x0000020c6b7eba10
Event: 4609.427 Thread 0x0000020c7ed2c180 flushing nmethod 0x0000020c6b837b90
Event: 4609.428 Thread 0x0000020c7ed2c180 flushing nmethod 0x0000020c6b940910
Event: 4609.429 Thread 0x0000020c7ed2c180 flushing nmethod 0x0000020c6ba10f90
Event: 4634.022 Thread 0x0000020c4bff6b10 Thread added: 0x0000020c4bff6b10
Event: 4636.690 Thread 0x0000020c4bff6b10 Thread exited: 0x0000020c4bff6b10
Event: 4639.070 Thread 0x0000020c4f8caa00 Thread added: 0x0000020c4f8caa00
Event: 4639.428 Thread 0x0000020c4f8caa00 Thread exited: 0x0000020c4f8caa00
Event: 4643.936 Thread 0x0000020c7ed2c180 flushing nmethod 0x0000020c6b3abb10
Event: 4643.937 Thread 0x0000020c7ed2c180 flushing nmethod 0x0000020c6b442b10


Dynamic libraries:
0x00007ff7ed040000 - 0x00007ff7ed050000 	C:\Program Files\Java\jdk-17\bin\javaw.exe
0x00007ffee1c50000 - 0x00007ffee1e48000 	C:\WINDOWS\SYSTEM32\ntdll.dll
0x00007ffee1b50000 - 0x00007ffee1c0d000 	C:\WINDOWS\System32\KERNEL32.DLL
0x00007ffedf440000 - 0x00007ffedf736000 	C:\WINDOWS\System32\KERNELBASE.dll
0x00007ffedcbb0000 - 0x00007ffedcc40000 	C:\WINDOWS\SYSTEM32\apphelp.dll
0x00007ffedfbb0000 - 0x00007ffedfcb0000 	C:\WINDOWS\System32\ucrtbase.dll
0x00007ffed95a0000 - 0x00007ffed95bb000 	C:\Program Files\Java\jdk-17\bin\VCRUNTIME140.dll
0x00007ffedae60000 - 0x00007ffedae79000 	C:\Program Files\Java\jdk-17\bin\jli.dll
0x00007ffee0fe0000 - 0x00007ffee108f000 	C:\WINDOWS\System32\ADVAPI32.dll
0x00007ffedfcb0000 - 0x00007ffedfd4e000 	C:\WINDOWS\System32\msvcrt.dll
0x00007ffee1850000 - 0x00007ffee18ec000 	C:\WINDOWS\System32\sechost.dll
0x00007ffee1710000 - 0x00007ffee1836000 	C:\WINDOWS\System32\RPCRT4.dll
0x00007ffee01c0000 - 0x00007ffee035e000 	C:\WINDOWS\System32\USER32.dll
0x00007ffedfb80000 - 0x00007ffedfba2000 	C:\WINDOWS\System32\win32u.dll
0x00007ffee18f0000 - 0x00007ffee191c000 	C:\WINDOWS\System32\GDI32.dll
0x00007ffec9290000 - 0x00007ffec952a000 	C:\WINDOWS\WinSxS\amd64_microsoft.windows.common-controls_6595b64144ccf1df_6.0.19041.3636_none_60b6a03d71f818d5\COMCTL32.dll
0x00007ffedf7f0000 - 0x00007ffedf90a000 	C:\WINDOWS\System32\gdi32full.dll
0x00007ffedf330000 - 0x00007ffedf3cd000 	C:\WINDOWS\System32\msvcp_win.dll
0x00007ffed4970000 - 0x00007ffed497a000 	C:\WINDOWS\SYSTEM32\VERSION.dll
0x00007ffee15a0000 - 0x00007ffee15d0000 	C:\WINDOWS\System32\IMM32.DLL
0x00007ffedb110000 - 0x00007ffedb11c000 	C:\Program Files\Java\jdk-17\bin\vcruntime140_1.dll
0x00007ffeb9ec0000 - 0x00007ffeb9f4e000 	C:\Program Files\Java\jdk-17\bin\msvcp140.dll
0x00007ffe2af10000 - 0x00007ffe2baf1000 	C:\Program Files\Java\jdk-17\bin\server\jvm.dll
0x00007ffee05a0000 - 0x00007ffee05a8000 	C:\WINDOWS\System32\PSAPI.DLL
0x00007ffed4940000 - 0x00007ffed4967000 	C:\WINDOWS\SYSTEM32\WINMM.dll
0x00007ffebb4d0000 - 0x00007ffebb4d9000 	C:\WINDOWS\SYSTEM32\WSOCK32.dll
0x00007ffee0530000 - 0x00007ffee059b000 	C:\WINDOWS\System32\WS2_32.dll
0x00007ffedd1b0000 - 0x00007ffedd1c2000 	C:\WINDOWS\SYSTEM32\kernel.appcore.dll
0x00007ffedb100000 - 0x00007ffedb10a000 	C:\Program Files\Java\jdk-17\bin\jimage.dll
0x00007ffed0020000 - 0x00007ffed0204000 	C:\WINDOWS\SYSTEM32\DBGHELP.DLL
0x00007ffecffe0000 - 0x00007ffed0014000 	C:\WINDOWS\SYSTEM32\dbgcore.DLL
0x00007ffedfac0000 - 0x00007ffedfb42000 	C:\WINDOWS\System32\bcryptPrimitives.dll
0x00007ffecc4b0000 - 0x00007ffecc4d5000 	C:\Program Files\Java\jdk-17\bin\java.dll
0x00007ffecc3d0000 - 0x00007ffecc4a7000 	C:\Program Files\Java\jdk-17\bin\jsvml.dll
0x00007ffee06e0000 - 0x00007ffee0e25000 	C:\WINDOWS\System32\SHELL32.dll
0x00007ffedd3b0000 - 0x00007ffeddb4b000 	C:\WINDOWS\SYSTEM32\windows.storage.dll
0x00007ffee1240000 - 0x00007ffee1594000 	C:\WINDOWS\System32\combase.dll
0x00007ffeded00000 - 0x00007ffeded2d000 	C:\WINDOWS\SYSTEM32\Wldp.dll
0x00007ffee0480000 - 0x00007ffee052d000 	C:\WINDOWS\System32\SHCORE.dll
0x00007ffee15d0000 - 0x00007ffee1625000 	C:\WINDOWS\System32\shlwapi.dll
0x00007ffedf260000 - 0x00007ffedf285000 	C:\WINDOWS\SYSTEM32\profapi.dll
0x00007ffecc3b0000 - 0x00007ffecc3c9000 	C:\Program Files\Java\jdk-17\bin\net.dll
0x00007ffed5fc0000 - 0x00007ffed60ca000 	C:\WINDOWS\SYSTEM32\WINHTTP.dll
0x00007ffedea10000 - 0x00007ffedea7a000 	C:\WINDOWS\system32\mswsock.dll
0x00007ffecc390000 - 0x00007ffecc3a6000 	C:\Program Files\Java\jdk-17\bin\nio.dll
0x00007ffecc370000 - 0x00007ffecc388000 	C:\Program Files\Java\jdk-17\bin\zip.dll
0x00007ffedb0f0000 - 0x00007ffedb0fe000 	C:\Program Files\Java\jdk-17\bin\sunmscapi.dll
0x00007ffedf910000 - 0x00007ffedfa6d000 	C:\WINDOWS\System32\CRYPT32.dll
0x00007ffeded90000 - 0x00007ffededb7000 	C:\WINDOWS\SYSTEM32\ncrypt.dll
0x00007ffeded30000 - 0x00007ffeded6b000 	C:\WINDOWS\SYSTEM32\NTASN1.dll
0x00007ffedec30000 - 0x00007ffedec48000 	C:\WINDOWS\SYSTEM32\CRYPTSP.dll
0x00007ffede2f0000 - 0x00007ffede324000 	C:\WINDOWS\system32\rsaenh.dll
0x00007ffedfb50000 - 0x00007ffedfb77000 	C:\WINDOWS\System32\bcrypt.dll
0x00007ffedf220000 - 0x00007ffedf24e000 	C:\WINDOWS\SYSTEM32\USERENV.dll
0x00007ffedec50000 - 0x00007ffedec5c000 	C:\WINDOWS\SYSTEM32\CRYPTBASE.dll
0x00007ffede720000 - 0x00007ffede75b000 	C:\WINDOWS\SYSTEM32\IPHLPAPI.DLL
0x00007ffee1840000 - 0x00007ffee1848000 	C:\WINDOWS\System32\NSI.dll
0x00007ffed6770000 - 0x00007ffed6787000 	C:\WINDOWS\SYSTEM32\dhcpcsvc6.DLL
0x00007ffed6730000 - 0x00007ffed674d000 	C:\WINDOWS\SYSTEM32\dhcpcsvc.DLL
0x00007ffede760000 - 0x00007ffede82a000 	C:\WINDOWS\SYSTEM32\DNSAPI.dll
0x00007ffedadc0000 - 0x00007ffedadca000 	C:\Program Files\Java\jdk-17\bin\management.dll
0x00007ffed92b0000 - 0x00007ffed92bb000 	C:\Program Files\Java\jdk-17\bin\management_ext.dll
0x00007ffedb140000 - 0x00007ffedb150000 	C:\Program Files\Java\jdk-17\bin\verify.dll
0x00007ffed44f0000 - 0x00007ffed4570000 	C:\WINDOWS\System32\fwpuclnt.dll
0x00007ffed3c70000 - 0x00007ffed3c7a000 	C:\Windows\System32\rasadhlp.dll
0x00007ffeb01f0000 - 0x00007ffeb01f7000 	C:\WINDOWS\system32\wshunix.dll
0x00007ffeb7720000 - 0x00007ffeb7737000 	C:\WINDOWS\system32\napinsp.dll
0x00007ffeb7700000 - 0x00007ffeb771b000 	C:\WINDOWS\system32\pnrpnsp.dll
0x00007ffeda120000 - 0x00007ffeda135000 	C:\WINDOWS\system32\wshbth.dll
0x00007ffedad90000 - 0x00007ffedadad000 	C:\WINDOWS\system32\NLAapi.dll
0x00007ffeb76e0000 - 0x00007ffeb76f2000 	C:\WINDOWS\System32\winrnr.dll

dbghelp: loaded successfully - version: 4.0.5 - missing functions: none
symbol engine: initialized successfully - sym options: 0x614 - pdb path: .;C:\Program Files\Java\jdk-17\bin;C:\WINDOWS\SYSTEM32;C:\WINDOWS\WinSxS\amd64_microsoft.windows.common-controls_6595b64144ccf1df_6.0.19041.3636_none_60b6a03d71f818d5;C:\Program Files\Java\jdk-17\bin\server

VM Arguments:
jvm_args: -Dfile.encoding=UTF-8 -Dstdout.encoding=UTF-8 -Dstderr.encoding=UTF-8 -XX:+ShowCodeDetailsInExceptionMessages -Djava.net.preferIPv4Stack=true 
java_command: com.serti.pokeapi.PokeapiApplication
java_class_path (initial): D:\lalbe\Documents\Desarrollos\pokeapi\target\classes;C:\Users\lalbe\.m2\repository\org\springframework\boot\spring-boot-starter-data-jpa\3.2.0\spring-boot-starter-data-jpa-3.2.0.jar;C:\Users\lalbe\.m2\repository\org\springframework\boot\spring-boot-starter-aop\3.2.0\spring-boot-starter-aop-3.2.0.jar;C:\Users\lalbe\.m2\repository\org\aspectj\aspectjweaver\1.9.20.1\aspectjweaver-1.9.20.1.jar;C:\Users\lalbe\.m2\repository\org\springframework\boot\spring-boot-starter-jdbc\3.2.0\spring-boot-starter-jdbc-3.2.0.jar;C:\Users\lalbe\.m2\repository\com\zaxxer\HikariCP\5.0.1\HikariCP-5.0.1.jar;C:\Users\lalbe\.m2\repository\org\springframework\spring-jdbc\6.1.1\spring-jdbc-6.1.1.jar;C:\Users\lalbe\.m2\repository\org\hibernate\orm\hibernate-core\6.3.1.Final\hibernate-core-6.3.1.Final.jar;C:\Users\lalbe\.m2\repository\jakarta\persistence\jakarta.persistence-api\3.1.0\jakarta.persistence-api-3.1.0.jar;C:\Users\lalbe\.m2\repository\jakarta\transaction\jakarta.transaction-api\2.0.1\jakarta.transaction-api-2.0.1.jar;C:\Users\lalbe\.m2\repository\org\jboss\logging\jboss-logging\3.5.3.Final\jboss-logging-3.5.3.Final.jar;C:\Users\lalbe\.m2\repository\org\hibernate\common\hibernate-commons-annotations\6.0.6.Final\hibernate-commons-annotations-6.0.6.Final.jar;C:\Users\lalbe\.m2\repository\io\smallrye\jandex\3.1.2\jandex-3.1.2.jar;C:\Users\lalbe\.m2\repository\com\fasterxml\classmate\1.6.0\classmate-1.6.0.jar;C:\Users\lalbe\.m2\repository\net\bytebuddy\byte-buddy\1.14.10\byte-buddy-1.14.10.jar;C:\Users\lalbe\.m2\repository\org\glassfish\jaxb\jaxb-runtime\4.0.4\jaxb-runtime-4.0.4.jar;C:\Users\lalbe\.m2\repository\org\glassfish\jaxb\jaxb-core\4.0.4\jaxb-core-4.0.4.jar;C:\Users\lalbe\.m2\repository\org\eclipse\angus\angus-activation\2.0.1\angus-activation-2.0.1.jar;C:\Users\lalbe\.m2\repository\org\glassfish\jaxb\txw2\4.0.4\txw2-4.0.4.jar;C:\Users\lalbe\.m2\repository\com\sun\istack\istack-commons-runtime\4.1.2\istack-commons-runtime-4.1.2.jar;C:\Users\lalbe\.m2\r
Launcher Type: SUN_STANDARD

[Global flags]
     intx CICompilerCount                          = 3                                         {product} {ergonomic}
     uint ConcGCThreads                            = 1                                         {product} {ergonomic}
     uint G1ConcRefinementThreads                  = 4                                         {product} {ergonomic}
   size_t G1HeapRegionSize                         = 2097152                                   {product} {ergonomic}
    uintx GCDrainStackTargetSize                   = 64                                        {product} {ergonomic}
   size_t InitialHeapSize                          = 251658240                                 {product} {ergonomic}
   size_t MarkStackSize                            = 4194304                                   {product} {ergonomic}
   size_t MaxHeapSize                              = 4016046080                                {product} {ergonomic}
   size_t MaxNewSize                               = 2409627648                                {product} {ergonomic}
   size_t MinHeapDeltaBytes                        = 2097152                                   {product} {ergonomic}
   size_t MinHeapSize                              = 8388608                                   {product} {ergonomic}
    uintx NonNMethodCodeHeapSize                   = 5832780                                {pd product} {ergonomic}
    uintx NonProfiledCodeHeapSize                  = 122912730                              {pd product} {ergonomic}
    uintx ProfiledCodeHeapSize                     = 122912730                              {pd product} {ergonomic}
    uintx ReservedCodeCacheSize                    = 251658240                              {pd product} {ergonomic}
     bool SegmentedCodeCache                       = true                                      {product} {ergonomic}
     bool ShowCodeDetailsInExceptionMessages       = true                                   {manageable} {command line}
   size_t SoftMaxHeapSize                          = 4016046080                             {manageable} {ergonomic}
     bool UseCompressedClassPointers               = true                           {product lp64_product} {ergonomic}
     bool UseCompressedOops                        = true                           {product lp64_product} {ergonomic}
     bool UseG1GC                                  = true                                      {product} {ergonomic}
     bool UseLargePagesIndividualAllocation        = false                                  {pd product} {ergonomic}

Logging:
Log output configuration:
 #0: stdout all=warning uptime,level,tags
 #1: stderr all=off uptime,level,tags

Environment Variables:
JAVA_HOME=C:\Program Files\Java\jdk-17
_JAVA_OPTIONS=-Djava.net.preferIPv4Stack=true
PATH=C:/Program Files/Java/jdk-17/bin/server;C:/Program Files/Java/jdk-17/bin;C:/Users/lalbe/AppData/Local/Temp/eoiD2CB.tmp//plugins/org.eclipse.justj.openjdk.hotspot.jre.minimal.stripped.win32.x86_64_17.0.9.v20231028-0858/jre/bin/server;C:/Users/lalbe/AppData/Local/Temp/eoiD2CB.tmp//plugins/org.eclipse.justj.openjdk.hotspot.jre.minimal.stripped.win32.x86_64_17.0.9.v20231028-0858/jre/bin;C:\Program Files\Common Files\Oracle\Java\javapath;C:\Program Files (x86)\Microsoft SDKs\Azure\CLI2\wbin;D:\app\lalbe\product\18.0.0\dbhomeXE\bin;D:\product\18.0.0\dbhomeXE\bin;C:\Python38\Scripts\;C:\Python38\;C:\WINDOWS\system32;C:\WINDOWS;C:\WINDOWS\System32\Wbem;C:\WINDOWS\System32\WindowsPowerShell\v1.0\;C:\Program Files\Java\jdk-17\bin;C:\WINDOWS\System32\OpenSSH\;C:\ProgramData\chocolatey\bin;D:\Program Files\Git\Git\cmd;C:\Users\lalbe\apache-maven-3.8.2\\bin;C:\EAP-7.2.0\bin;D:\Program Files\nodejs\;C:\Program Files (x86)\PuTTY\;C:\Program Files (x86)\dotnet\;D:\lalbe\Descargas\instantclient-basic-nt-21.3.0.0.0\instantclient_21_3;C:\Users\lalbe\Downloads\instantclient-basic-nt-21.3.0.0.0\instantclient_21_3;C:\Users\lalbe\AppData\Local\Microsoft\WindowsApps;D:\Users\lalbe\AppData\Local\Programs\Microsoft VS Code\bin;C:\Users\lalbe\AppData\Roaming\npm;D:\Program Files (x86)\SSH Communications Security\SSH Secure Shell;;C:\Users\lalbe\Downloads;;C:\Users\lalbe\Downloads;
USERNAME=lalbe
OS=Windows_NT
PROCESSOR_IDENTIFIER=AMD64 Family 21 Model 101 Stepping 1, AuthenticAMD



---------------  S Y S T E M  ---------------

OS:
 Windows 10 , 64 bit Build 19041 (10.0.19041.3636)
OS uptime: 7 days 1:48 hours
Hyper-V role detected

CPU: total 4 (initial active 4) (4 cores per cpu, 1 threads per core) family 21 model 101 stepping 1 microcode 0x0, cx8, cmov, fxsr, mmx, 3dnowpref, sse, sse2, sse3, ssse3, sse4a, sse4.1, sse4.2, popcnt, lzcnt, tsc, tscinvbit, avx, avx2, aes, clmul, bmi1, bmi2, fma, vzeroupper, clflush, hv

Memory: 4k page, system-wide physical 15317M (4357M free)
TotalPageFile size 30437M (AvailPageFile size 1M)
current process WorkingSet (physical memory assigned to process): 268M, peak: 327M
current process commit charge ("private bytes"): 376M, peak: 383M

vm_info: Java HotSpot(TM) 64-Bit Server VM (17.0.9+11-LTS-201) for windows-amd64 JRE (17.0.9+11-LTS-201), built on Oct 10 2023 23:16:06 by "mach5one" with MS VC++ 17.1 (VS2022)

END.
